<?xml version="1.0" encoding="UTF-8"?>
<coverage generated="1656009694450" clover="3.2.0">
  <project timestamp="1656009694450" name="All files">
    <metrics statements="14" coveredstatements="5" conditionals="20" coveredconditionals="0" methods="2" coveredmethods="1" elements="36" coveredelements="6" complexity="0" loc="14" ncloc="14" packages="1" files="1" classes="1"/>
    <file name="rectangle.js" path="/Users/WinnieWang/Desktop/E/triangle-tracker/src/js/rectangle.js">
      <metrics statements="14" coveredstatements="5" conditionals="20" coveredconditionals="0" methods="2" coveredmethods="1"/>
      <line num="2" count="1" type="stmt"/>
      <line num="3" count="1" type="stmt"/>
      <line num="4" count="1" type="stmt"/>
      <line num="5" count="1" type="stmt"/>
      <line num="9" count="1" type="stmt"/>
      <line num="10" count="0" type="cond" truecount="0" falsecount="8"/>
      <line num="13" count="0" type="stmt"/>
      <line num="15" count="0" type="cond" truecount="0" falsecount="4"/>
      <line num="16" count="0" type="stmt"/>
      <line num="17" count="0" type="cond" truecount="0" falsecount="4"/>
      <line num="18" count="0" type="stmt"/>
      <line num="19" count="0" type="cond" truecount="0" falsecount="4"/>
      <line num="20" count="0" type="stmt"/>
      <line num="22" count="0" type="stmt"/>
    </file>
  </project>
</coverage>
