{"/Users/WinnieWang/Desktop/E/triangle-tracker/src/js/rectangle.js": {"path":"/Users/WinnieWang/Desktop/E/triangle-tracker/src/js/rectangle.js","statementMap":{"0":{"start":{"line":2,"column":2},"end":{"line":2,"column":21}},"1":{"start":{"line":3,"column":2},"end":{"line":3,"column":21}},"2":{"start":{"line":4,"column":2},"end":{"line":4,"column":21}},"3":{"start":{"line":5,"column":2},"end":{"line":5,"column":21}},"4":{"start":{"line":9,"column":0},"end":{"line":23,"column":1}},"5":{"start":{"line":10,"column":4},"end":{"line":22,"column":21}},"6":{"start":{"line":13,"column":8},"end":{"line":13,"column":20}},"7":{"start":{"line":15,"column":9},"end":{"line":22,"column":21}},"8":{"start":{"line":16,"column":8},"end":{"line":16,"column":20}},"9":{"start":{"line":17,"column":9},"end":{"line":22,"column":21}},"10":{"start":{"line":18,"column":8},"end":{"line":18,"column":20}},"11":{"start":{"line":19,"column":9},"end":{"line":22,"column":21}},"12":{"start":{"line":20,"column":8},"end":{"line":20,"column":20}},"13":{"start":{"line":22,"column":8},"end":{"line":22,"column":21}}},"fnMap":{"0":{"name":"Rectangle","decl":{"start":{"line":1,"column":24},"end":{"line":1,"column":33}},"loc":{"start":{"line":1,"column":62},"end":{"line":6,"column":1}},"line":1},"1":{"name":"(anonymous_1)","decl":{"start":{"line":9,"column":32},"end":{"line":9,"column":33}},"loc":{"start":{"line":9,"column":43},"end":{"line":23,"column":1}},"line":9}},"branchMap":{"0":{"loc":{"start":{"line":10,"column":4},"end":{"line":22,"column":21}},"type":"if","locations":[{"start":{"line":10,"column":4},"end":{"line":22,"column":21}},{"start":{"line":10,"column":4},"end":{"line":22,"column":21}}],"line":10},"1":{"loc":{"start":{"line":10,"column":8},"end":{"line":12,"column":24}},"type":"binary-expr","locations":[{"start":{"line":10,"column":8},"end":{"line":10,"column":14}},{"start":{"line":10,"column":18},"end":{"line":10,"column":24}},{"start":{"line":11,"column":8},"end":{"line":11,"column":14}},{"start":{"line":11,"column":18},"end":{"line":11,"column":24}},{"start":{"line":12,"column":8},"end":{"line":12,"column":14}},{"start":{"line":12,"column":18},"end":{"line":12,"column":24}}],"line":10},"2":{"loc":{"start":{"line":15,"column":9},"end":{"line":22,"column":21}},"type":"if","locations":[{"start":{"line":15,"column":9},"end":{"line":22,"column":21}},{"start":{"line":15,"column":9},"end":{"line":22,"column":21}}],"line":15},"3":{"loc":{"start":{"line":15,"column":13},"end":{"line":15,"column":29}},"type":"binary-expr","locations":[{"start":{"line":15,"column":13},"end":{"line":15,"column":19}},{"start":{"line":15,"column":23},"end":{"line":15,"column":29}}],"line":15},"4":{"loc":{"start":{"line":17,"column":9},"end":{"line":22,"column":21}},"type":"if","locations":[{"start":{"line":17,"column":9},"end":{"line":22,"column":21}},{"start":{"line":17,"column":9},"end":{"line":22,"column":21}}],"line":17},"5":{"loc":{"start":{"line":17,"column":13},"end":{"line":17,"column":29}},"type":"binary-expr","locations":[{"start":{"line":17,"column":13},"end":{"line":17,"column":19}},{"start":{"line":17,"column":23},"end":{"line":17,"column":29}}],"line":17},"6":{"loc":{"start":{"line":19,"column":9},"end":{"line":22,"column":21}},"type":"if","locations":[{"start":{"line":19,"column":9},"end":{"line":22,"column":21}},{"start":{"line":19,"column":9},"end":{"line":22,"column":21}}],"line":19},"7":{"loc":{"start":{"line":19,"column":13},"end":{"line":19,"column":29}},"type":"binary-expr","locations":[{"start":{"line":19,"column":13},"end":{"line":19,"column":19}},{"start":{"line":19,"column":23},"end":{"line":19,"column":29}}],"line":19}},"s":{"0":1,"1":1,"2":1,"3":1,"4":1,"5":0,"6":0,"7":0,"8":0,"9":0,"10":0,"11":0,"12":0,"13":0},"f":{"0":1,"1":0},"b":{"0":[0,0],"1":[0,0,0,0,0,0],"2":[0,0],"3":[0,0],"4":[0,0],"5":[0,0],"6":[0,0],"7":[0,0]},"_coverageSchema":"43e27e138ebf9cfc5966b082cf9a028302ed4184","hash":"e085d8f206d812dc8054a33f9cad23cab1a34f6a"}
}
